<?xml version="1.0" encoding="UTF-8"?>
<robot generator="Robot 7.2.2 (Python 3.13.3 on win32)" generated="2025-05-18T20:58:13.624615" rpa="false" schemaversion="5">
<suite id="s1" name="Suites">
<suite id="s1-s1" name="Test Checkbox" source="C:\Users\Lenovo\Desktop\Python-Test1\RobotFrameWork-Basic\Tests\test_checkbox.robot">
<test id="s1-s1-t1" name="Validate Elements on Login" line="5">
<kw name="Open the Browser with URL">
<kw name="Open Browser" owner="SeleniumLibrary">
<msg time="2025-05-18T20:58:13.920570" level="INFO">Opening browser 'chrome' to base url 'None'.</msg>
<arg>browser=chrome</arg>
<doc>Opens a new browser instance to the optional ``url``.</doc>
<status status="PASS" start="2025-05-18T20:58:13.920291" elapsed="1.607054"/>
</kw>
<kw name="Go To" owner="SeleniumLibrary">
<msg time="2025-05-18T20:58:15.528419" level="INFO">Opening url 'https://demo.automationtesting.in/Register.html'</msg>
<arg>https://demo.automationtesting.in/Register.html</arg>
<doc>Navigates the current browser window to the provided ``url``.</doc>
<status status="PASS" start="2025-05-18T20:58:15.527928" elapsed="2.079834"/>
</kw>
<kw name="Maximize Browser Window" owner="SeleniumLibrary">
<doc>Maximizes current browser window.</doc>
<status status="PASS" start="2025-05-18T20:58:17.607998" elapsed="0.074907"/>
</kw>
<kw name="Set Selenium Implicit Wait" owner="SeleniumLibrary">
<arg>5s</arg>
<doc>Sets the implicit wait value used by Selenium.</doc>
<status status="PASS" start="2025-05-18T20:58:17.683349" elapsed="0.005653"/>
</kw>
<status status="PASS" start="2025-05-18T20:58:13.919520" elapsed="3.770136"/>
</kw>
<kw name="Verify the page contains checkbox">
<kw name="Page Should Contain Checkbox" owner="SeleniumLibrary">
<msg time="2025-05-18T20:58:17.833146" level="INFO">Current page contains checkbox 'id:checkbox1'.</msg>
<arg>id:checkbox1</arg>
<doc>Verifies checkbox ``locator`` is found from the current page.</doc>
<status status="PASS" start="2025-05-18T20:58:17.692293" elapsed="0.141079"/>
</kw>
<kw name="Page Should Contain Checkbox" owner="SeleniumLibrary">
<msg time="2025-05-18T20:58:17.882135" level="INFO">Current page contains checkbox 'id:checkbox2'.</msg>
<arg>id:checkbox2</arg>
<doc>Verifies checkbox ``locator`` is found from the current page.</doc>
<status status="PASS" start="2025-05-18T20:58:17.834055" elapsed="0.048532"/>
</kw>
<kw name="Page Should Not Contain Checkbox" owner="SeleniumLibrary">
<msg time="2025-05-18T20:58:17.941373" level="INFO">Current page does not contain checkbox 'name:radiooptions'.</msg>
<arg>name:radiooptions</arg>
<doc>Verifies checkbox ``locator`` is not found from the current page.</doc>
<status status="PASS" start="2025-05-18T20:58:17.882998" elapsed="0.058519"/>
</kw>
<status status="PASS" start="2025-05-18T20:58:17.690603" elapsed="0.251092"/>
</kw>
<kw name="Select Checkbox Options Cricket and Hockey">
<kw name="Select Checkbox" owner="SeleniumLibrary">
<msg time="2025-05-18T20:58:17.942872" level="INFO">Selecting checkbox 'id:checkbox1'.</msg>
<arg>id:checkbox1</arg>
<doc>Selects the checkbox identified by ``locator``.</doc>
<status status="PASS" start="2025-05-18T20:58:17.942527" elapsed="0.348177"/>
</kw>
<kw name="Select Checkbox" owner="SeleniumLibrary">
<msg time="2025-05-18T20:58:18.292029" level="INFO">Selecting checkbox 'id:checkbox3'.</msg>
<arg>id:checkbox3</arg>
<doc>Selects the checkbox identified by ``locator``.</doc>
<status status="PASS" start="2025-05-18T20:58:18.291092" elapsed="0.234623"/>
</kw>
<status status="PASS" start="2025-05-18T20:58:17.941940" elapsed="0.583969"/>
</kw>
<kw name="Unselet the checkbox option Hockey">
<kw name="Unselect Checkbox" owner="SeleniumLibrary">
<msg time="2025-05-18T20:58:18.527113" level="INFO">Unselecting checkbox 'id:checkbox3'.</msg>
<arg>id:checkbox3</arg>
<doc>Removes the selection of checkbox identified by ``locator``.</doc>
<status status="PASS" start="2025-05-18T20:58:18.526700" elapsed="0.139857"/>
</kw>
<status status="PASS" start="2025-05-18T20:58:18.526163" elapsed="0.140626"/>
</kw>
<kw name="Verify that Cricket is selected">
<kw name="Checkbox Should Be Selected" owner="SeleniumLibrary">
<msg time="2025-05-18T20:58:18.668341" level="INFO">Verifying checkbox 'id:checkbox1' is selected.</msg>
<arg>id:checkbox1</arg>
<doc>Verifies checkbox ``locator`` is selected/checked.</doc>
<status status="PASS" start="2025-05-18T20:58:18.667869" elapsed="0.062598"/>
</kw>
<status status="PASS" start="2025-05-18T20:58:18.667132" elapsed="0.063475"/>
</kw>
<kw name="Verify that Hockey is not selected">
<kw name="Checkbox Should Not Be Selected" owner="SeleniumLibrary">
<msg time="2025-05-18T20:58:18.733327" level="INFO">Verifying checkbox 'id:checkbox3' is not selected.</msg>
<arg>id:checkbox3</arg>
<doc>Verifies checkbox ``locator`` is not selected/checked.</doc>
<status status="PASS" start="2025-05-18T20:58:18.732679" elapsed="0.048974"/>
</kw>
<status status="PASS" start="2025-05-18T20:58:18.731316" elapsed="0.050572"/>
</kw>
<status status="PASS" start="2025-05-18T20:58:13.918898" elapsed="4.863233"/>
</test>
<status status="PASS" start="2025-05-18T20:58:13.654257" elapsed="5.129032"/>
</suite>
<status status="PASS" start="2025-05-18T20:58:13.642807" elapsed="5.141869"/>
</suite>
<statistics>
<total>
<stat pass="1" fail="0" skip="0">All Tests</stat>
</total>
<tag>
</tag>
<suite>
<stat name="Suites" id="s1" pass="1" fail="0" skip="0">Suites</stat>
<stat name="Test Checkbox" id="s1-s1" pass="1" fail="0" skip="0">Suites.Test Checkbox</stat>
</suite>
</statistics>
<errors>
</errors>
</robot>
