<?xml version="1.0" encoding="UTF-8"?>
<robot generator="Robot 7.2.2 (Python 3.13.3 on win32)" generated="2025-05-19T14:10:12.235579" rpa="false" schemaversion="5">
<suite id="s1" name="TestCases" source="C:\Users\Lenovo\Desktop\Python-Test1\POM-Robot\TestCases">
<suite id="s1-s1" name="ForgetPasswordTest" source="C:\Users\Lenovo\Desktop\Python-Test1\POM-Robot\TestCases\ForgetPasswordTest.robot">
<test id="s1-s1-t1" name="Validate Reset Password Functionality" line="11">
<kw name="Open the Browser with URL" owner="GenericResources" type="SETUP">
<kw name="Create Webdriver" owner="SeleniumLibrary">
<msg time="2025-05-19T14:10:12.706994" level="INFO">Creating an instance of the Chrome WebDriver.</msg>
<arg>${browser_name}</arg>
<doc>Creates an instance of Selenium WebDriver.</doc>
<status status="PASS" start="2025-05-19T14:10:12.706526" elapsed="2.077269"/>
</kw>
<kw name="Go To" owner="SeleniumLibrary">
<msg time="2025-05-19T14:10:14.784807" level="INFO">Opening url 'https://opensource-demo.orangehrmlive.com/web/index.php/auth/login'</msg>
<arg>${url}</arg>
<doc>Navigates the current browser window to the provided ``url``.</doc>
<status status="PASS" start="2025-05-19T14:10:14.784204" elapsed="4.985074"/>
</kw>
<kw name="Maximize Browser Window" owner="SeleniumLibrary">
<doc>Maximizes current browser window.</doc>
<status status="PASS" start="2025-05-19T14:10:19.769577" elapsed="0.051009"/>
</kw>
<kw name="Set Selenium Implicit Wait" owner="SeleniumLibrary">
<arg>5</arg>
<doc>Sets the implicit wait value used by Selenium.</doc>
<status status="PASS" start="2025-05-19T14:10:19.820989" elapsed="0.004773"/>
</kw>
<status status="PASS" start="2025-05-19T14:10:12.705463" elapsed="7.120669"/>
</kw>
<kw name="Go to forgot your password page" owner="LoginResources">
<kw name="Click Element" owner="SeleniumLibrary">
<msg time="2025-05-19T14:10:19.829344" level="INFO">Clicking element 'xpath://div[@class='orangehrm-login-forgot']/p'.</msg>
<arg>${forgot_password_link}</arg>
<doc>Click the element identified by ``locator``.</doc>
<status status="PASS" start="2025-05-19T14:10:19.827864" elapsed="1.443112"/>
</kw>
<status status="PASS" start="2025-05-19T14:10:19.826765" elapsed="1.444560"/>
</kw>
<kw name="Verify Forgot Your Password page Opens" owner="ForgetPasswordResources">
<kw name="Element Text Should Be" owner="SeleniumLibrary">
<msg time="2025-05-19T14:10:21.273715" level="INFO">Verifying element 'css:.orangehrm-forgot-password-title' contains exact text 'Reset Password'.</msg>
<arg>${forgot_password_username}</arg>
<arg>Reset Password</arg>
<doc>Verifies that element ``locator`` contains exact the text ``expected``.</doc>
<status status="PASS" start="2025-05-19T14:10:21.272712" elapsed="0.334042"/>
</kw>
<status status="PASS" start="2025-05-19T14:10:21.271885" elapsed="0.335142"/>
</kw>
<kw name="Fill the Forgot Password Page" owner="ForgetPasswordResources">
<kw name="Input Text" owner="SeleniumLibrary">
<msg time="2025-05-19T14:10:21.608961" level="INFO">Typing text 'abc@gmail.com' into text field 'css:.oxd-input--active'.</msg>
<arg>${username}</arg>
<arg>abc@gmail.com</arg>
<doc>Types the given ``text`` into the text field identified by ``locator``.</doc>
<status status="PASS" start="2025-05-19T14:10:21.608289" elapsed="0.172551"/>
</kw>
<kw name="Click Button" owner="SeleniumLibrary">
<msg time="2025-05-19T14:10:21.781423" level="INFO">Clicking button 'css:.orangehrm-forgot-password-button--reset'.</msg>
<arg>${reset_button}</arg>
<doc>Clicks the button identified by ``locator``.</doc>
<status status="PASS" start="2025-05-19T14:10:21.781033" elapsed="0.882186"/>
</kw>
<status status="PASS" start="2025-05-19T14:10:21.607416" elapsed="1.056037"/>
</kw>
<kw name="Verify the message" owner="ForgetPasswordResources">
<kw name="Element Text Should Be" owner="SeleniumLibrary">
<msg time="2025-05-19T14:10:22.665171" level="INFO">Verifying element 'xpath://div[@class='orangehrm-card-container']/h6' contains exact text 'Reset Password link sent successfully'.</msg>
<arg>${reset_message}</arg>
<arg>Reset Password link sent successfully</arg>
<doc>Verifies that element ``locator`` contains exact the text ``expected``.</doc>
<status status="PASS" start="2025-05-19T14:10:22.664357" elapsed="0.340926"/>
</kw>
<status status="PASS" start="2025-05-19T14:10:22.663715" elapsed="0.341977"/>
</kw>
<kw name="Close browser session" owner="GenericResources" type="TEARDOWN">
<kw name="Close Browser" owner="SeleniumLibrary">
<doc>Closes the current browser.</doc>
<status status="PASS" start="2025-05-19T14:10:23.008301" elapsed="2.231935"/>
</kw>
<status status="PASS" start="2025-05-19T14:10:23.006574" elapsed="2.234006"/>
</kw>
<tag>resetpasswordfunctionality</tag>
<status status="PASS" start="2025-05-19T14:10:12.704376" elapsed="12.536343"/>
</test>
<doc>Test cases for the forgot password page</doc>
<status status="PASS" start="2025-05-19T14:10:12.284386" elapsed="12.957622"/>
</suite>
<status status="PASS" start="2025-05-19T14:10:12.264575" elapsed="12.984699"/>
</suite>
<statistics>
<total>
<stat pass="1" fail="0" skip="0">All Tests</stat>
</total>
<tag>
<stat pass="1" fail="0" skip="0">resetpasswordfunctionality</stat>
</tag>
<suite>
<stat name="TestCases" id="s1" pass="1" fail="0" skip="0">TestCases</stat>
<stat name="ForgetPasswordTest" id="s1-s1" pass="1" fail="0" skip="0">TestCases.ForgetPasswordTest</stat>
</suite>
</statistics>
<errors>
</errors>
</robot>
