<?xml version="1.0" encoding="UTF-8"?>
<robot generator="Robot 7.2.2 (Python 3.13.3 on win32)" generated="2025-05-19T15:16:17.693754" rpa="false" schemaversion="5">
<suite id="s1" name="Tests" source="C:\Users\Lenovo\Desktop\Python-Test1\DataDriven-Robot\Tests">
<suite id="s1-s1" name="Logintest" source="C:\Users\Lenovo\Desktop\Python-Test1\DataDriven-Robot\Tests\Logintest.robot">
<test id="s1-s1-t1" name="Invalid Credentials" line="15">
<kw name="Validate unsucessful login">
<kw name="Open the browser with URL">
<kw name="Create Webdriver" owner="SeleniumLibrary">
<msg time="2025-05-19T15:16:18.553105" level="INFO">Creating an instance of the Chrome WebDriver.</msg>
<arg>${browser}</arg>
<doc>Creates an instance of Selenium WebDriver.</doc>
<status status="PASS" start="2025-05-19T15:16:18.552592" elapsed="2.232449"/>
</kw>
<kw name="Go To" owner="SeleniumLibrary">
<msg time="2025-05-19T15:16:20.786304" level="INFO">Opening url 'https://opensource-demo.orangehrmlive.com/web/index.php/auth/login'</msg>
<arg>https://opensource-demo.orangehrmlive.com/web/index.php/auth/login</arg>
<doc>Navigates the current browser window to the provided ``url``.</doc>
<status status="PASS" start="2025-05-19T15:16:20.785613" elapsed="6.454917"/>
</kw>
<kw name="Maximize Browser Window" owner="SeleniumLibrary">
<doc>Maximizes current browser window.</doc>
<status status="PASS" start="2025-05-19T15:16:27.240863" elapsed="0.075866"/>
</kw>
<kw name="Set Selenium Implicit Wait" owner="SeleniumLibrary">
<arg>5</arg>
<doc>Sets the implicit wait value used by Selenium.</doc>
<status status="PASS" start="2025-05-19T15:16:27.317007" elapsed="0.001820"/>
</kw>
<status status="PASS" start="2025-05-19T15:16:18.551337" elapsed="8.767716"/>
</kw>
<kw name="Fill the login Form">
<kw name="Input Text" owner="SeleniumLibrary">
<msg time="2025-05-19T15:16:27.321382" level="INFO">Typing text ' abc' into text field 'css:input[name=username]'.</msg>
<arg>css:input[name=username]</arg>
<arg>${username}</arg>
<doc>Types the given ``text`` into the text field identified by ``locator``.</doc>
<status status="PASS" start="2025-05-19T15:16:27.320543" elapsed="0.646809"/>
</kw>
<kw name="Input Password" owner="SeleniumLibrary">
<msg time="2025-05-19T15:16:27.968221" level="INFO">Typing password into text field 'css:input[name=password]'.</msg>
<msg time="2025-05-19T15:16:28.022334" level="INFO">Temporally setting log level to: NONE</msg>
<arg>css:input[name=password]</arg>
<arg>${password}</arg>
<doc>Types the given password into the text field identified by ``locator``.</doc>
<status status="PASS" start="2025-05-19T15:16:27.967636" elapsed="0.132423"/>
</kw>
<kw name="Click Button" owner="SeleniumLibrary">
<msg time="2025-05-19T15:16:28.100824" level="INFO">Clicking button 'css:.orangehrm-login-button'.</msg>
<arg>${login_btn}</arg>
<doc>Clicks the button identified by ``locator``.</doc>
<status status="PASS" start="2025-05-19T15:16:28.100327" elapsed="0.116263"/>
</kw>
<arg>${username}</arg>
<arg>${password}</arg>
<status status="PASS" start="2025-05-19T15:16:27.319354" elapsed="0.897439"/>
</kw>
<kw name="Verify the error message is correct">
<kw name="Element Text Should Be" owner="SeleniumLibrary">
<msg time="2025-05-19T15:16:28.218770" level="INFO">Verifying element 'css:.oxd-alert-content--error' contains exact text 'Invalid credentials'.</msg>
<arg>${login_error_message}</arg>
<arg>Invalid credentials</arg>
<doc>Verifies that element ``locator`` contains exact the text ``expected``.</doc>
<status status="PASS" start="2025-05-19T15:16:28.217839" elapsed="1.968433"/>
</kw>
<status status="PASS" start="2025-05-19T15:16:28.217033" elapsed="1.969426"/>
</kw>
<arg>username= abc</arg>
<arg>password= 123</arg>
<status status="PASS" start="2025-05-19T15:16:18.550216" elapsed="11.636338"/>
</kw>
<status status="PASS" start="2025-05-19T15:16:18.547883" elapsed="11.638869"/>
</test>
<status status="PASS" start="2025-05-19T15:16:17.756228" elapsed="12.431177"/>
</suite>
<status status="PASS" start="2025-05-19T15:16:17.733874" elapsed="12.454965"/>
</suite>
<statistics>
<total>
<stat pass="1" fail="0" skip="0">All Tests</stat>
</total>
<tag>
</tag>
<suite>
<stat name="Tests" id="s1" pass="1" fail="0" skip="0">Tests</stat>
<stat name="Logintest" id="s1-s1" pass="1" fail="0" skip="0">Tests.Logintest</stat>
</suite>
</statistics>
<errors>
</errors>
</robot>
