<?xml version="1.0" encoding="UTF-8"?>
<robot generator="Robot 7.2.2 (Python 3.13.3 on win32)" generated="2025-05-19T16:48:10.162950" rpa="false" schemaversion="5">
<suite id="s1" name="TestCases" source="C:\Users\Lenovo\Desktop\Python-Test1\DataDriven-SauceDemo\TestCases">
<suite id="s1-s1" name="sauceLogin" source="C:\Users\Lenovo\Desktop\Python-Test1\DataDriven-SauceDemo\TestCases\sauceLogin.robot">
<status status="SKIP" start="2025-05-19T16:48:10.229256" elapsed="2.189872"/>
</suite>
<status status="SKIP" start="2025-05-19T16:48:10.206470" elapsed="2.214479"/>
</suite>
<statistics>
<total>
<stat pass="0" fail="0" skip="0">All Tests</stat>
</total>
<tag>
</tag>
<suite>
<stat name="TestCases" id="s1" pass="0" fail="0" skip="0">TestCases</stat>
<stat name="sauceLogin" id="s1-s1" pass="0" fail="0" skip="0">TestCases.sauceLogin</stat>
</suite>
</statistics>
<errors>
</errors>
</robot>
