<?xml version="1.0" encoding="UTF-8"?>
<robot generator="Robot 7.2.2 (Python 3.13.3 on win32)" generated="2025-05-19T14:41:56.090270" rpa="false" schemaversion="5">
<suite id="s1" name="DataDriven-Robot" source="C:\Users\Lenovo\Desktop\Python-Test1\DataDriven-Robot">
<suite id="s1-s1" name="Testtemplate" source="C:\Users\Lenovo\Desktop\Python-Test1\DataDriven-Robot\testtemplate.robot">
<test id="s1-s1-t1" name="Invalid username and Password" line="13">
<kw name="Validate unsucessful login">
<kw name="Open the browser with URL">
<kw name="Create Webdriver" owner="SeleniumLibrary">
<msg time="2025-05-19T14:41:56.509778" level="INFO">Creating an instance of the Chrome WebDriver.</msg>
<arg>Chrome</arg>
<doc>Creates an instance of Selenium WebDriver.</doc>
<status status="PASS" start="2025-05-19T14:41:56.509376" elapsed="1.792556"/>
</kw>
<kw name="Go To" owner="SeleniumLibrary">
<msg time="2025-05-19T14:41:58.303348" level="INFO">Opening url 'https://opensource-demo.orangehrmlive.com/web/index.php/auth/login'</msg>
<arg>https://opensource-demo.orangehrmlive.com/web/index.php/auth/login</arg>
<doc>Navigates the current browser window to the provided ``url``.</doc>
<status status="PASS" start="2025-05-19T14:41:58.302608" elapsed="4.100936"/>
</kw>
<kw name="Maximize Browser Window" owner="SeleniumLibrary">
<doc>Maximizes current browser window.</doc>
<status status="PASS" start="2025-05-19T14:42:02.403876" elapsed="0.041141"/>
</kw>
<kw name="Set Selenium Implicit Wait" owner="SeleniumLibrary">
<arg>5</arg>
<doc>Sets the implicit wait value used by Selenium.</doc>
<status status="PASS" start="2025-05-19T14:42:02.445333" elapsed="0.001859"/>
</kw>
<status status="PASS" start="2025-05-19T14:41:56.508257" elapsed="5.939148"/>
</kw>
<kw name="Fill the login Form">
<kw name="Input Text" owner="SeleniumLibrary">
<msg time="2025-05-19T14:42:02.449410" level="INFO">Typing text 'abc' into text field 'css:input[name=username]'.</msg>
<arg>css:input[name=username]</arg>
<arg>${username}</arg>
<doc>Types the given ``text`` into the text field identified by ``locator``.</doc>
<status status="PASS" start="2025-05-19T14:42:02.448522" elapsed="0.733523"/>
</kw>
<kw name="Input Password" owner="SeleniumLibrary">
<msg time="2025-05-19T14:42:03.183306" level="INFO">Typing password into text field 'css:input[name=password]'.</msg>
<msg time="2025-05-19T14:42:03.240829" level="INFO">Temporally setting log level to: NONE</msg>
<arg>css:input[name=password]</arg>
<arg>${password}</arg>
<doc>Types the given password into the text field identified by ``locator``.</doc>
<status status="PASS" start="2025-05-19T14:42:03.182484" elapsed="0.188874"/>
</kw>
<kw name="Click Button" owner="SeleniumLibrary">
<msg time="2025-05-19T14:42:03.372306" level="INFO">Clicking button 'class:orangehrm-login-button'.</msg>
<arg>class:orangehrm-login-button</arg>
<doc>Clicks the button identified by ``locator``.</doc>
<status status="PASS" start="2025-05-19T14:42:03.371762" elapsed="0.117408"/>
</kw>
<arg>${username}</arg>
<arg>${password}</arg>
<status status="PASS" start="2025-05-19T14:42:02.447715" elapsed="1.041713"/>
</kw>
<kw name="Verify the error message is correct">
<kw name="Element Text Should Be" owner="SeleniumLibrary">
<msg time="2025-05-19T14:42:03.493185" level="INFO">Verifying element 'css:.oxd-alert-content--error' contains exact text 'Invalid credentials'.</msg>
<arg>${login_error_message}</arg>
<arg>Invalid credentials</arg>
<doc>Verifies that element ``locator`` contains exact the text ``expected``.</doc>
<status status="PASS" start="2025-05-19T14:42:03.490604" elapsed="1.560382"/>
</kw>
<status status="PASS" start="2025-05-19T14:42:03.489713" elapsed="1.561465"/>
</kw>
<kw name="Close Browser Session">
<kw name="Close Browser" owner="SeleniumLibrary">
<doc>Closes the current browser.</doc>
<status status="PASS" start="2025-05-19T14:42:05.052092" elapsed="2.156832"/>
</kw>
<status status="PASS" start="2025-05-19T14:42:05.051422" elapsed="2.157989"/>
</kw>
<arg>abc</arg>
<arg>abc123</arg>
<status status="PASS" start="2025-05-19T14:41:56.507597" elapsed="10.702056"/>
</kw>
<status status="PASS" start="2025-05-19T14:41:56.506719" elapsed="10.703444"/>
</test>
<doc>Generic resources for the project</doc>
<status status="PASS" start="2025-05-19T14:41:56.139996" elapsed="11.071899"/>
</suite>
<status status="PASS" start="2025-05-19T14:41:56.118427" elapsed="11.102065"/>
</suite>
<statistics>
<total>
<stat pass="1" fail="0" skip="0">All Tests</stat>
</total>
<tag>
</tag>
<suite>
<stat name="DataDriven-Robot" id="s1" pass="1" fail="0" skip="0">DataDriven-Robot</stat>
<stat name="Testtemplate" id="s1-s1" pass="1" fail="0" skip="0">DataDriven-Robot.Testtemplate</stat>
</suite>
</statistics>
<errors>
</errors>
</robot>
