<?xml version="1.0" encoding="UTF-8"?>
<robot generator="Robot 7.2.2 (Python 3.13.3 on win32)" generated="2025-05-19T10:46:04.151790" rpa="false" schemaversion="5">
<suite id="s1" name="Test Dragdrop" source="C:\Users\Lenovo\Desktop\Python-Test1\RobotFrameWork-Basic\Tests\test_dragdrop.robot">
<test id="s1-t1" name="Verify that the user can drag and drop elements" line="9">
<kw name="Open Browser To Demo Page">
<kw name="Open Browser" owner="SeleniumLibrary">
<msg time="2025-05-19T10:46:04.434012" level="INFO">Opening browser 'firefox' to base url 'https://demoqa.com/droppable'.</msg>
<arg>https://demoqa.com/droppable</arg>
<arg>browser=${browser_name}</arg>
<doc>Opens a new browser instance to the optional ``url``.</doc>
<status status="PASS" start="2025-05-19T10:46:04.433738" elapsed="13.191353"/>
</kw>
<kw name="Maximize Browser Window" owner="SeleniumLibrary">
<doc>Maximizes current browser window.</doc>
<status status="PASS" start="2025-05-19T10:46:17.625706" elapsed="0.299365"/>
</kw>
<kw name="Set Selenium Implicit Wait" owner="SeleniumLibrary">
<arg>5</arg>
<doc>Sets the implicit wait value used by Selenium.</doc>
<status status="PASS" start="2025-05-19T10:46:17.925804" elapsed="0.007086"/>
</kw>
<status status="PASS" start="2025-05-19T10:46:04.433092" elapsed="13.500254"/>
</kw>
<kw name="Verify Element Text Before Drag">
<kw name="Element Text Should Be" owner="SeleniumLibrary">
<msg time="2025-05-19T10:46:17.937961" level="INFO">Verifying element 'id:droppable' contains exact text 'Drop here'.</msg>
<arg>id:droppable</arg>
<arg>Drop here</arg>
<arg>timeout=5</arg>
<doc>Verifies that element ``locator`` contains exact the text ``expected``.</doc>
<status status="PASS" start="2025-05-19T10:46:17.936658" elapsed="0.048348"/>
</kw>
<status status="PASS" start="2025-05-19T10:46:17.935015" elapsed="0.050207"/>
</kw>
<kw name="Perform Drag And Drop">
<kw name="Drag And Drop" owner="SeleniumLibrary">
<arg>id:draggable</arg>
<arg>id:droppable</arg>
<doc>Drags the element identified by ``locator`` into the ``target`` element.</doc>
<status status="PASS" start="2025-05-19T10:46:17.986495" elapsed="0.607809"/>
</kw>
<status status="PASS" start="2025-05-19T10:46:17.985992" elapsed="0.608560"/>
</kw>
<kw name="Verify Element Text After Drag">
<kw name="Element Text Should Be" owner="SeleniumLibrary">
<msg time="2025-05-19T10:46:18.595957" level="INFO">Verifying element 'id:droppable' contains exact text 'Dropped!'.</msg>
<arg>id:droppable</arg>
<arg>Dropped!</arg>
<arg>timeout=5</arg>
<doc>Verifies that element ``locator`` contains exact the text ``expected``.</doc>
<status status="PASS" start="2025-05-19T10:46:18.595658" elapsed="0.016253"/>
</kw>
<status status="PASS" start="2025-05-19T10:46:18.595212" elapsed="0.016884"/>
</kw>
<kw name="Close All Browsers" owner="SeleniumLibrary" type="TEARDOWN">
<doc>Closes all open browsers and resets the browser cache.</doc>
<status status="PASS" start="2025-05-19T10:46:18.613021" elapsed="3.302832"/>
</kw>
<status status="PASS" start="2025-05-19T10:46:04.432191" elapsed="17.484020"/>
</test>
<status status="PASS" start="2025-05-19T10:46:04.153270" elapsed="17.763902"/>
</suite>
<statistics>
<total>
<stat pass="1" fail="0" skip="0">All Tests</stat>
</total>
<tag>
</tag>
<suite>
<stat name="Test Dragdrop" id="s1" pass="1" fail="0" skip="0">Test Dragdrop</stat>
</suite>
</statistics>
<errors>
</errors>
</robot>
