<?xml version="1.0" encoding="UTF-8"?>
<robot generator="Robot 7.2.2 (Python 3.13.3 on win32)" generated="2025-05-19T14:41:56.104230" rpa="false" schemaversion="5">
<suite id="s1" name="DataDriven-Robot" source="C:\Users\Lenovo\Desktop\Python-Test1\DataDriven-Robot">
<suite id="s1-s1" name="Testtemplate" source="C:\Users\Lenovo\Desktop\Python-Test1\DataDriven-Robot\testtemplate.robot">
<test id="s1-s1-t1" name="Invalid Username" line="10">
<kw name="Validate unsucessful login">
<kw name="Open the browser with URL">
<kw name="Create Webdriver" owner="SeleniumLibrary">
<msg time="2025-05-19T14:41:56.519348" level="INFO">Creating an instance of the Chrome WebDriver.</msg>
<arg>Chrome</arg>
<doc>Creates an instance of Selenium WebDriver.</doc>
<status status="PASS" start="2025-05-19T14:41:56.518885" elapsed="1.813035"/>
</kw>
<kw name="Go To" owner="SeleniumLibrary">
<msg time="2025-05-19T14:41:58.332854" level="INFO">Opening url 'https://opensource-demo.orangehrmlive.com/web/index.php/auth/login'</msg>
<arg>https://opensource-demo.orangehrmlive.com/web/index.php/auth/login</arg>
<doc>Navigates the current browser window to the provided ``url``.</doc>
<status status="PASS" start="2025-05-19T14:41:58.332376" elapsed="3.854090"/>
</kw>
<kw name="Maximize Browser Window" owner="SeleniumLibrary">
<doc>Maximizes current browser window.</doc>
<status status="PASS" start="2025-05-19T14:42:02.186747" elapsed="0.052137"/>
</kw>
<kw name="Set Selenium Implicit Wait" owner="SeleniumLibrary">
<arg>5</arg>
<doc>Sets the implicit wait value used by Selenium.</doc>
<status status="PASS" start="2025-05-19T14:42:02.239198" elapsed="0.002077"/>
</kw>
<status status="PASS" start="2025-05-19T14:41:56.518186" elapsed="5.723307"/>
</kw>
<kw name="Fill the login Form">
<kw name="Input Text" owner="SeleniumLibrary">
<msg time="2025-05-19T14:42:02.244599" level="INFO">Typing text 'abc' into text field 'css:input[name=username]'.</msg>
<arg>css:input[name=username]</arg>
<arg>${username}</arg>
<doc>Types the given ``text`` into the text field identified by ``locator``.</doc>
<status status="PASS" start="2025-05-19T14:42:02.243292" elapsed="0.681038"/>
</kw>
<kw name="Input Password" owner="SeleniumLibrary">
<msg time="2025-05-19T14:42:02.925210" level="INFO">Typing password into text field 'css:input[name=password]'.</msg>
<msg time="2025-05-19T14:42:02.974895" level="INFO">Temporally setting log level to: NONE</msg>
<arg>css:input[name=password]</arg>
<arg>${password}</arg>
<doc>Types the given password into the text field identified by ``locator``.</doc>
<status status="PASS" start="2025-05-19T14:42:02.924585" elapsed="0.152736"/>
</kw>
<kw name="Click Button" owner="SeleniumLibrary">
<msg time="2025-05-19T14:42:03.078205" level="INFO">Clicking button 'class:orangehrm-login-button'.</msg>
<arg>class:orangehrm-login-button</arg>
<doc>Clicks the button identified by ``locator``.</doc>
<status status="PASS" start="2025-05-19T14:42:03.077692" elapsed="0.127148"/>
</kw>
<arg>${username}</arg>
<arg>${password}</arg>
<status status="PASS" start="2025-05-19T14:42:02.241985" elapsed="0.963121"/>
</kw>
<kw name="Verify the error message is correct">
<kw name="Element Text Should Be" owner="SeleniumLibrary">
<msg time="2025-05-19T14:42:03.206799" level="INFO">Verifying element 'css:.oxd-alert-content--error' contains exact text 'Invalid credentials'.</msg>
<arg>${login_error_message}</arg>
<arg>Invalid credentials</arg>
<doc>Verifies that element ``locator`` contains exact the text ``expected``.</doc>
<status status="PASS" start="2025-05-19T14:42:03.206090" elapsed="1.322759"/>
</kw>
<status status="PASS" start="2025-05-19T14:42:03.205417" elapsed="1.323561"/>
</kw>
<kw name="Close Browser Session">
<kw name="Close Browser" owner="SeleniumLibrary">
<doc>Closes the current browser.</doc>
<status status="PASS" start="2025-05-19T14:42:04.529831" elapsed="2.229016"/>
</kw>
<status status="PASS" start="2025-05-19T14:42:04.529269" elapsed="2.229855"/>
</kw>
<arg>abc</arg>
<arg>admin123</arg>
<status status="PASS" start="2025-05-19T14:41:56.517675" elapsed="10.241565"/>
</kw>
<status status="PASS" start="2025-05-19T14:41:56.517065" elapsed="10.242475"/>
</test>
<doc>Generic resources for the project</doc>
<status status="PASS" start="2025-05-19T14:41:56.145459" elapsed="10.615064"/>
</suite>
<status status="PASS" start="2025-05-19T14:41:56.132991" elapsed="10.634985"/>
</suite>
<statistics>
<total>
<stat pass="1" fail="0" skip="0">All Tests</stat>
</total>
<tag>
</tag>
<suite>
<stat name="DataDriven-Robot" id="s1" pass="1" fail="0" skip="0">DataDriven-Robot</stat>
<stat name="Testtemplate" id="s1-s1" pass="1" fail="0" skip="0">DataDriven-Robot.Testtemplate</stat>
</suite>
</statistics>
<errors>
</errors>
</robot>
