<?xml version="1.0" encoding="UTF-8"?>
<robot generator="Robot 7.2.2 (Python 3.13.3 on win32)" generated="2025-05-19T16:51:41.702864" rpa="false" schemaversion="5">
<suite id="s1" name="Python-Test1" source="C:\Users\Lenovo\Desktop\Python-Test1">
<suite id="s1-s1" name="DataDriven-SauceDemo" source="C:\Users\Lenovo\Desktop\Python-Test1\DataDriven-SauceDemo">
<suite id="s1-s1-s1" name="TestCases" source="C:\Users\Lenovo\Desktop\Python-Test1\DataDriven-SauceDemo\TestCases">
<suite id="s1-s1-s1-s1" name="sauceLogin" source="C:\Users\Lenovo\Desktop\Python-Test1\DataDriven-SauceDemo\TestCases\sauceLogin.robot">
<test id="s1-s1-s1-s1-t1" name="Login with sauce demo using" line="18">
<kw name="Validate successful login">
<kw name="Open the browser with URL">
<kw name="Create Webdriver" owner="SeleniumLibrary">
<msg time="2025-05-19T16:51:42.674779" level="INFO">Creating an instance of the chrome WebDriver.</msg>
<msg time="2025-05-19T16:51:42.675029" level="INFO">Cannot capture screenshot because no browser is open.</msg>
<msg time="2025-05-19T16:51:42.675381" level="FAIL">TypeError: 'module' object is not callable</msg>
<arg>${browser}</arg>
<doc>Creates an instance of Selenium WebDriver.</doc>
<status status="FAIL" start="2025-05-19T16:51:42.674382" elapsed="0.004524">TypeError: 'module' object is not callable</status>
</kw>
<kw name="Go To" owner="SeleniumLibrary">
<arg>${url}</arg>
<doc>Navigates the current browser window to the provided ``url``.</doc>
<status status="NOT RUN" start="2025-05-19T16:51:42.679205" elapsed="0.000291"/>
</kw>
<kw name="Maximize Browser Window" owner="SeleniumLibrary">
<doc>Maximizes current browser window.</doc>
<status status="NOT RUN" start="2025-05-19T16:51:42.679733" elapsed="0.000674"/>
</kw>
<kw name="Set Selenium Implicit Wait" owner="SeleniumLibrary">
<arg>5</arg>
<doc>Sets the implicit wait value used by Selenium.</doc>
<status status="NOT RUN" start="2025-05-19T16:51:42.680603" elapsed="0.000212"/>
</kw>
<status status="FAIL" start="2025-05-19T16:51:42.673132" elapsed="0.007994">TypeError: 'module' object is not callable</status>
</kw>
<kw name="Fill the login Form">
<arg>${username}</arg>
<arg>${password}</arg>
<status status="NOT RUN" start="2025-05-19T16:51:42.681377" elapsed="0.000206"/>
</kw>
<kw name="Verify the message is correct">
<arg>${Assert}</arg>
<status status="NOT RUN" start="2025-05-19T16:51:42.681775" elapsed="0.000184"/>
</kw>
<arg>username=standard_user</arg>
<arg>password=secret_sauce</arg>
<arg>Assert=Products</arg>
<status status="FAIL" start="2025-05-19T16:51:42.672303" elapsed="0.009825">TypeError: 'module' object is not callable</status>
</kw>
<kw name="Close All Browsers" owner="SeleniumLibrary" type="TEARDOWN">
<doc>Closes all open browsers and resets the browser cache.</doc>
<status status="PASS" start="2025-05-19T16:51:42.682880" elapsed="0.000497"/>
</kw>
<status status="FAIL" start="2025-05-19T16:51:42.669953" elapsed="0.013766">TypeError: 'module' object is not callable</status>
</test>
<test id="s1-s1-s1-s1-t2" name="Login with sauce demo using" line="18">
<kw name="Validate successful login">
<kw name="Open the browser with URL">
<kw name="Create Webdriver" owner="SeleniumLibrary">
<msg time="2025-05-19T16:51:42.690250" level="INFO">Creating an instance of the chrome WebDriver.</msg>
<msg time="2025-05-19T16:51:42.690511" level="INFO">Cannot capture screenshot because no browser is open.</msg>
<msg time="2025-05-19T16:51:42.690826" level="FAIL">TypeError: 'module' object is not callable</msg>
<arg>${browser}</arg>
<doc>Creates an instance of Selenium WebDriver.</doc>
<status status="FAIL" start="2025-05-19T16:51:42.689862" elapsed="0.002765">TypeError: 'module' object is not callable</status>
</kw>
<kw name="Go To" owner="SeleniumLibrary">
<arg>${url}</arg>
<doc>Navigates the current browser window to the provided ``url``.</doc>
<status status="NOT RUN" start="2025-05-19T16:51:42.692968" elapsed="0.000352"/>
</kw>
<kw name="Maximize Browser Window" owner="SeleniumLibrary">
<doc>Maximizes current browser window.</doc>
<status status="NOT RUN" start="2025-05-19T16:51:42.693582" elapsed="0.000304"/>
</kw>
<kw name="Set Selenium Implicit Wait" owner="SeleniumLibrary">
<arg>5</arg>
<doc>Sets the implicit wait value used by Selenium.</doc>
<status status="NOT RUN" start="2025-05-19T16:51:42.694118" elapsed="0.000257"/>
</kw>
<status status="FAIL" start="2025-05-19T16:51:42.689341" elapsed="0.005319">TypeError: 'module' object is not callable</status>
</kw>
<kw name="Fill the login Form">
<arg>${username}</arg>
<arg>${password}</arg>
<status status="NOT RUN" start="2025-05-19T16:51:42.694978" elapsed="0.000470"/>
</kw>
<kw name="Verify the message is correct">
<arg>${Assert}</arg>
<status status="NOT RUN" start="2025-05-19T16:51:42.695721" elapsed="0.000296"/>
</kw>
<arg>username=locked_out_user</arg>
<arg>password=secret_sauce</arg>
<arg>Assert=Epic sadface: Sorry, this user has been locked out.</arg>
<status status="FAIL" start="2025-05-19T16:51:42.688681" elapsed="0.007653">TypeError: 'module' object is not callable</status>
</kw>
<kw name="Close All Browsers" owner="SeleniumLibrary" type="TEARDOWN">
<doc>Closes all open browsers and resets the browser cache.</doc>
<status status="PASS" start="2025-05-19T16:51:42.697147" elapsed="0.000691"/>
</kw>
<status status="FAIL" start="2025-05-19T16:51:42.685077" elapsed="0.013044">TypeError: 'module' object is not callable</status>
</test>
<test id="s1-s1-s1-s1-t3" name="Login with sauce demo using" line="18">
<kw name="Validate successful login">
<kw name="Open the browser with URL">
<kw name="Create Webdriver" owner="SeleniumLibrary">
<msg time="2025-05-19T16:51:42.706622" level="INFO">Creating an instance of the chrome WebDriver.</msg>
<msg time="2025-05-19T16:51:42.706930" level="INFO">Cannot capture screenshot because no browser is open.</msg>
<msg time="2025-05-19T16:51:42.707325" level="FAIL">TypeError: 'module' object is not callable</msg>
<arg>${browser}</arg>
<doc>Creates an instance of Selenium WebDriver.</doc>
<status status="FAIL" start="2025-05-19T16:51:42.706114" elapsed="0.004899">TypeError: 'module' object is not callable</status>
</kw>
<kw name="Go To" owner="SeleniumLibrary">
<arg>${url}</arg>
<doc>Navigates the current browser window to the provided ``url``.</doc>
<status status="NOT RUN" start="2025-05-19T16:51:42.711501" elapsed="0.000447"/>
</kw>
<kw name="Maximize Browser Window" owner="SeleniumLibrary">
<doc>Maximizes current browser window.</doc>
<status status="NOT RUN" start="2025-05-19T16:51:42.712222" elapsed="0.000325"/>
</kw>
<kw name="Set Selenium Implicit Wait" owner="SeleniumLibrary">
<arg>5</arg>
<doc>Sets the implicit wait value used by Selenium.</doc>
<status status="NOT RUN" start="2025-05-19T16:51:42.712801" elapsed="0.000264"/>
</kw>
<status status="FAIL" start="2025-05-19T16:51:42.705458" elapsed="0.007860">TypeError: 'module' object is not callable</status>
</kw>
<kw name="Fill the login Form">
<arg>${username}</arg>
<arg>${password}</arg>
<status status="NOT RUN" start="2025-05-19T16:51:42.713579" elapsed="0.000260"/>
</kw>
<kw name="Verify the message is correct">
<arg>${Assert}</arg>
<status status="NOT RUN" start="2025-05-19T16:51:42.714074" elapsed="0.000232"/>
</kw>
<arg>username=problem_user</arg>
<arg>password=secret_sauce</arg>
<arg>Assert=Products</arg>
<status status="FAIL" start="2025-05-19T16:51:42.704521" elapsed="0.009968">TypeError: 'module' object is not callable</status>
</kw>
<kw name="Close All Browsers" owner="SeleniumLibrary" type="TEARDOWN">
<doc>Closes all open browsers and resets the browser cache.</doc>
<status status="PASS" start="2025-05-19T16:51:42.715010" elapsed="0.000359"/>
</kw>
<status status="FAIL" start="2025-05-19T16:51:42.700250" elapsed="0.015390">TypeError: 'module' object is not callable</status>
</test>
<test id="s1-s1-s1-s1-t4" name="Login with sauce demo using" line="18">
<kw name="Validate successful login">
<kw name="Open the browser with URL">
<kw name="Create Webdriver" owner="SeleniumLibrary">
<msg time="2025-05-19T16:51:42.722486" level="INFO">Creating an instance of the chrome WebDriver.</msg>
<msg time="2025-05-19T16:51:42.723191" level="INFO">Cannot capture screenshot because no browser is open.</msg>
<msg time="2025-05-19T16:51:42.723481" level="FAIL">TypeError: 'module' object is not callable</msg>
<arg>${browser}</arg>
<doc>Creates an instance of Selenium WebDriver.</doc>
<status status="FAIL" start="2025-05-19T16:51:42.721748" elapsed="0.002778">TypeError: 'module' object is not callable</status>
</kw>
<kw name="Go To" owner="SeleniumLibrary">
<arg>${url}</arg>
<doc>Navigates the current browser window to the provided ``url``.</doc>
<status status="NOT RUN" start="2025-05-19T16:51:42.724764" elapsed="0.000495"/>
</kw>
<kw name="Maximize Browser Window" owner="SeleniumLibrary">
<doc>Maximizes current browser window.</doc>
<status status="NOT RUN" start="2025-05-19T16:51:42.725497" elapsed="0.000792"/>
</kw>
<kw name="Set Selenium Implicit Wait" owner="SeleniumLibrary">
<arg>5</arg>
<doc>Sets the implicit wait value used by Selenium.</doc>
<status status="NOT RUN" start="2025-05-19T16:51:42.726789" elapsed="0.000521"/>
</kw>
<status status="FAIL" start="2025-05-19T16:51:42.721142" elapsed="0.006452">TypeError: 'module' object is not callable</status>
</kw>
<kw name="Fill the login Form">
<arg>${username}</arg>
<arg>${password}</arg>
<status status="NOT RUN" start="2025-05-19T16:51:42.727873" elapsed="0.000259"/>
</kw>
<kw name="Verify the message is correct">
<arg>${Assert}</arg>
<status status="NOT RUN" start="2025-05-19T16:51:42.728303" elapsed="0.000153"/>
</kw>
<arg>username=performance_glitch_user</arg>
<arg>password=secret_sauce</arg>
<arg>Assert=Products</arg>
<status status="FAIL" start="2025-05-19T16:51:42.720284" elapsed="0.008298">TypeError: 'module' object is not callable</status>
</kw>
<kw name="Close All Browsers" owner="SeleniumLibrary" type="TEARDOWN">
<doc>Closes all open browsers and resets the browser cache.</doc>
<status status="PASS" start="2025-05-19T16:51:42.729046" elapsed="0.000340"/>
</kw>
<status status="FAIL" start="2025-05-19T16:51:42.717328" elapsed="0.012289">TypeError: 'module' object is not callable</status>
</test>
<status status="FAIL" start="2025-05-19T16:51:41.740316" elapsed="0.990952"/>
</suite>
<status status="FAIL" start="2025-05-19T16:51:41.737226" elapsed="0.996381"/>
</suite>
<status status="FAIL" start="2025-05-19T16:51:41.733604" elapsed="1.001665"/>
</suite>
<status status="FAIL" start="2025-05-19T16:51:41.712993" elapsed="1.024689"/>
</suite>
<statistics>
<total>
<stat pass="0" fail="4" skip="0">All Tests</stat>
</total>
<tag>
</tag>
<suite>
<stat name="Python-Test1" id="s1" pass="0" fail="4" skip="0">Python-Test1</stat>
<stat name="DataDriven-SauceDemo" id="s1-s1" pass="0" fail="4" skip="0">Python-Test1.DataDriven-SauceDemo</stat>
<stat name="TestCases" id="s1-s1-s1" pass="0" fail="4" skip="0">Python-Test1.DataDriven-SauceDemo.TestCases</stat>
<stat name="sauceLogin" id="s1-s1-s1-s1" pass="0" fail="4" skip="0">Python-Test1.DataDriven-SauceDemo.TestCases.sauceLogin</stat>
</suite>
</statistics>
<errors>
<msg time="2025-05-19T16:51:42.685226" level="WARN">Multiple tests with name 'Login with sauce demo using' executed in suite 'Python-Test1.DataDriven-SauceDemo.TestCases.sauceLogin'.</msg>
<msg time="2025-05-19T16:51:42.700311" level="WARN">Multiple tests with name 'Login with sauce demo using' executed in suite 'Python-Test1.DataDriven-SauceDemo.TestCases.sauceLogin'.</msg>
<msg time="2025-05-19T16:51:42.717382" level="WARN">Multiple tests with name 'Login with sauce demo using' executed in suite 'Python-Test1.DataDriven-SauceDemo.TestCases.sauceLogin'.</msg>
</errors>
</robot>
