<?xml version="1.0" encoding="UTF-8"?>
<robot generator="Robot 7.2.2 (Python 3.13.3 on win32)" generated="2025-05-19T14:10:12.305972" rpa="false" schemaversion="5">
<suite id="s1" name="TestCases" source="C:\Users\Lenovo\Desktop\Python-Test1\POM-Robot\TestCases">
<suite id="s1-s1" name="LoginPageTest" source="C:\Users\Lenovo\Desktop\Python-Test1\POM-Robot\TestCases\LoginPageTest.robot">
<test id="s1-s1-t1" name="Validate Unsuccessful Login using invalid credentials" line="12">
<kw name="Open the Browser with URL" owner="GenericResources" type="SETUP">
<kw name="Create Webdriver" owner="SeleniumLibrary">
<msg time="2025-05-19T14:10:12.807471" level="INFO">Creating an instance of the Chrome WebDriver.</msg>
<arg>${browser_name}</arg>
<doc>Creates an instance of Selenium WebDriver.</doc>
<status status="PASS" start="2025-05-19T14:10:12.806952" elapsed="2.255465"/>
</kw>
<kw name="Go To" owner="SeleniumLibrary">
<msg time="2025-05-19T14:10:15.063150" level="INFO">Opening url 'https://opensource-demo.orangehrmlive.com/web/index.php/auth/login'</msg>
<arg>${url}</arg>
<doc>Navigates the current browser window to the provided ``url``.</doc>
<status status="PASS" start="2025-05-19T14:10:15.062744" elapsed="4.575743"/>
</kw>
<kw name="Maximize Browser Window" owner="SeleniumLibrary">
<doc>Maximizes current browser window.</doc>
<status status="PASS" start="2025-05-19T14:10:19.639156" elapsed="0.057919"/>
</kw>
<kw name="Set Selenium Implicit Wait" owner="SeleniumLibrary">
<arg>5</arg>
<doc>Sets the implicit wait value used by Selenium.</doc>
<status status="PASS" start="2025-05-19T14:10:19.697533" elapsed="0.004864"/>
</kw>
<status status="PASS" start="2025-05-19T14:10:12.805634" elapsed="6.897113"/>
</kw>
<kw name="Fill the login form" owner="LoginResources">
<kw name="Input Text" owner="SeleniumLibrary">
<msg time="2025-05-19T14:10:19.705795" level="INFO">Typing text 'Admin' into text field 'xpath://input[@name='username']'.</msg>
<arg>xpath://input[@name='username']</arg>
<arg>${username}</arg>
<doc>Types the given ``text`` into the text field identified by ``locator``.</doc>
<status status="PASS" start="2025-05-19T14:10:19.704509" elapsed="0.684445"/>
</kw>
<kw name="Input Text" owner="SeleniumLibrary">
<msg time="2025-05-19T14:10:20.389955" level="INFO">Typing text '45678' into text field 'css:input[name='password']'.</msg>
<arg>css:input[name='password']</arg>
<arg>${password}</arg>
<doc>Types the given ``text`` into the text field identified by ``locator``.</doc>
<status status="PASS" start="2025-05-19T14:10:20.389329" elapsed="0.365682"/>
</kw>
<kw name="Click Button" owner="SeleniumLibrary">
<msg time="2025-05-19T14:10:20.756089" level="INFO">Clicking button 'xpath://button[@type='submit']'.</msg>
<arg>xpath://button[@type='submit']</arg>
<doc>Clicks the button identified by ``locator``.</doc>
<status status="PASS" start="2025-05-19T14:10:20.755360" elapsed="0.209719"/>
</kw>
<arg>${valid_username}</arg>
<arg>${invalid_password}</arg>
<status status="PASS" start="2025-05-19T14:10:19.703345" elapsed="1.261990"/>
</kw>
<kw name="Verify the error message is correct" owner="LoginResources">
<kw name="Element Text Should Be" owner="SeleniumLibrary">
<msg time="2025-05-19T14:10:20.967744" level="INFO">Verifying element 'css:.oxd-alert-content--error' contains exact text 'Invalid credentials'.</msg>
<arg>${login_error_message}</arg>
<arg>Invalid credentials</arg>
<doc>Verifies that element ``locator`` contains exact the text ``expected``.</doc>
<status status="PASS" start="2025-05-19T14:10:20.966647" elapsed="1.491212"/>
</kw>
<status status="PASS" start="2025-05-19T14:10:20.965690" elapsed="1.492386"/>
</kw>
<kw name="Close browser session" owner="GenericResources" type="TEARDOWN">
<kw name="Close Browser" owner="SeleniumLibrary">
<doc>Closes the current browser.</doc>
<status status="PASS" start="2025-05-19T14:10:22.459424" elapsed="2.161160"/>
</kw>
<status status="PASS" start="2025-05-19T14:10:22.458483" elapsed="2.162365"/>
</kw>
<tag>logininvalidcredentials</tag>
<status status="PASS" start="2025-05-19T14:10:12.804443" elapsed="11.816545"/>
</test>
<doc>Test cases for the login page</doc>
<status status="PASS" start="2025-05-19T14:10:12.353765" elapsed="12.268400"/>
</suite>
<status status="PASS" start="2025-05-19T14:10:12.340681" elapsed="12.283382"/>
</suite>
<statistics>
<total>
<stat pass="1" fail="0" skip="0">All Tests</stat>
</total>
<tag>
<stat pass="1" fail="0" skip="0">logininvalidcredentials</stat>
</tag>
<suite>
<stat name="TestCases" id="s1" pass="1" fail="0" skip="0">TestCases</stat>
<stat name="LoginPageTest" id="s1-s1" pass="1" fail="0" skip="0">TestCases.LoginPageTest</stat>
</suite>
</statistics>
<errors>
</errors>
</robot>
